生成启动时间为 2018/05/15 12:24:31。
     1>项目“G:\资料存档\00CodeRecord\22开源项目修改\mimikatz\mimikatz\mimikatz.vcxproj”在节点 2 上(Build 个目标)。
     1>ClCompile:
         C:\Program Files (x86)\Microsoft Visual Studio 14.0\VC\bin\x86_amd64\CL.exe /c /Zi /nologo /W3 /WX- /Od /Os /Oy /GL /D WIN32 /D NDEBUG /D _CONSOLE /D _UNICODE /D UNICODE /GF /Gm- /MT /GS- /Gy /fp:fast /fp:except- /Zc:wchar_t /Zc:forScope /Zc:inline /Fo"x64\\" /Fd"x64\vc140.pdb" /Gd /TC /errorReport:none ..\modules\kull_m_string.c mimikatz.c
         kull_m_string.c
         mimikatz.c
     1>C:\Program Files (x86)\Windows Kits\8.1\Include\um\LMaccess.h(558): warning C4005: “UF_SETTABLE_BITS”: 宏重定义
         g:\资料存档\00coderecord\22开源项目修改\mimikatz\modules\rpc\../kull_m_samlib.h(300): note: 参见“UF_SETTABLE_BITS”的前一个定义
     1>mimikatz.c(151): warning C4129: “A”: 不可识别的字符转义序列
     1>mimikatz.c(151): warning C4129: “L”: 不可识别的字符转义序列
     1>mimikatz.c(151): warning C4129: “M”: 不可识别的字符转义序列
     1>mimikatz.c(151): warning C4129: “C”: 不可识别的字符转义序列
     1>mimikatz.c(44): warning C4101: “input”: 未引用的局部变量
       Link:
         C:\Program Files (x86)\Microsoft Visual Studio 14.0\VC\bin\x86_amd64\link.exe /ERRORREPORT:NONE /OUT:"G:\资料存档\00CodeRecord\22开源项目修改\mimikatz\x64\mimikatz.exe" /INCREMENTAL:NO /NOLOGO /WX advapi32.lib crypt32.lib cryptdll.lib dnsapi.lib msxml2.lib netapi32.lib ntdsapi.lib ole32.lib oleaut32.lib rpcrt4.lib shlwapi.lib samlib.lib secur32.lib shell32.lib user32.lib userenv.lib version.lib hid.lib setupapi.lib winscard.lib winsta.lib wldap32.lib wtsapi32.lib advapi32.hash.lib msasn1.min.lib ntdll.min.lib netapi32.min.lib /MANIFEST /MANIFESTUAC:"level='requireAdministrator' uiAccess='false'" /manifest:embed /manifestinput:"C:\Program Files (x86)\Microsoft Visual Studio 14.0\VC\Include\Manifest\dpiaware.manifest" /DEBUG /PDB:"G:\资料存档\00CodeRecord\22开源项目修改\mimikatz\x64\mimikatz.pdb" /ASSEMBLYDEBUG:DISABLE /SUBSYSTEM:CONSOLE /OPT:REF /OPT:ICF /LTCG /TLBID:1 /DYNAMICBASE /NXCOMPAT /IMPLIB:"G:\资料存档\00CodeRecord\22开源项目修改\mimikatz\x64\mimikatz.lib" /MACHINE:X64 /SAFESEH:NO x64\kull_m_asn1.obj
         x64\kull_m_busylight.obj
         x64\kull_m_cred.obj
         x64\kull_m_crypto.obj
         x64\kull_m_dpapi.obj
         x64\kull_m_file.obj
         x64\kull_m_handle.obj
         x64\kull_m_kernel.obj
         x64\kull_m_key.obj
         x64\kull_m_net.obj
         x64\kull_m_memory.obj
         x64\kull_m_minidump.obj
         x64\kull_m_output.obj
         x64\kull_m_patch.obj
         x64\kull_m_process.obj
         x64\kull_m_registry.obj
         x64\kull_m_remotelib.obj
         x64\kull_m_rpc.obj
         x64\kull_m_rpc_bkrp.obj
         "x64\kull_m_rpc_dpapi-entries.obj"
         x64\kull_m_rpc_drsr.obj
         x64\kull_m_rpc_mimicom.obj
         "x64\kull_m_rpc_ms-bkrp_c.obj"
         "x64\kull_m_rpc_ms-claims.obj"
         "x64\kull_m_rpc_ms-credentialkeys.obj"
         "x64\kull_m_rpc_ms-drsr_c.obj"
         "x64\kull_m_rpc_ms-pac.obj"
         x64\kull_m_service.obj
         x64\kull_m_string.obj
         x64\kull_m_token.obj
         x64\kull_m_xml.obj
         x64\sqlite3_omit.obj
         x64\mimikatz.obj
         x64\kuhl_m_dpapi.obj
         x64\kuhl_m_dpapi_oe.obj
         x64\kuhl_m_dpapi_chrome.obj
         x64\kuhl_m_dpapi_creds.obj
         x64\kuhl_m_dpapi_keys.obj
         x64\kuhl_m_dpapi_wlan.obj
         x64\kuhl_m_kerberos.obj
         x64\kuhl_m_kerberos_ccache.obj
         x64\kuhl_m_kerberos_claims.obj
         x64\kuhl_m_kerberos_pac.obj
         x64\kuhl_m_kerberos_ticket.obj
         x64\kuhl_m_busylight.obj
         x64\kuhl_m_crypto.obj
         x64\kuhl_m_event.obj
         x64\kuhl_m_iis.obj
         x64\kuhl_m_kernel.obj
         x64\kuhl_m_lsadump.obj
         x64\kuhl_m_lsadump_remote.obj
         x64\kuhl_m_misc.obj
         x64\kuhl_m_net.obj
         x64\kuhl_m_privilege.obj
         x64\kuhl_m_process.obj
         x64\kuhl_m_rpc.obj
         x64\kuhl_m_service.obj
         x64\kuhl_m_service_remote.obj
         x64\kuhl_m_sid.obj
         x64\kuhl_m_standard.obj
         x64\kuhl_m_sysenvvalue.obj
         x64\kuhl_m_token.obj
         x64\kuhl_m_ts.obj
         x64\kuhl_m_vault.obj
         x64\kuhl_m_minesweeper.obj
         x64\kuhl_m_sekurlsa_nt5.obj
         x64\kuhl_m_sekurlsa_nt6.obj
         x64\kuhl_m_sekurlsa_nt63.obj
         x64\kuhl_m_sekurlsa.obj
         x64\kuhl_m_sekurlsa_utils.obj
         x64\kuhl_m_sekurlsa_credman.obj
         x64\kuhl_m_sekurlsa_dpapi.obj
         x64\kuhl_m_sekurlsa_kerberos.obj
         x64\kuhl_m_sekurlsa_livessp.obj
         x64\kuhl_m_sekurlsa_msv1_0.obj
         x64\kuhl_m_sekurlsa_ssp.obj
         x64\kuhl_m_sekurlsa_tspkg.obj
         x64\kuhl_m_sekurlsa_wdigest.obj
         正在生成代码
         已完成代码的生成
         mimikatz.vcxproj -> G:\资料存档\00CodeRecord\22开源项目修改\mimikatz\x64\mimikatz.exe
     1>已完成生成项目“G:\资料存档\00CodeRecord\22开源项目修改\mimikatz\mimikatz\mimikatz.vcxproj”(Build 个目标)的操作。

已成功生成。

已用时间 00:00:04.22
